# JRE version: OpenJDK Runtime Environment Temurin-21.0.8+9 (21.0.8+9) (build 21.0.8+9-LTS)
# Java VM: OpenJDK 64-Bit Server VM Temurin-21.0.8+9 (21.0.8+9-LTS, mixed mode, sharing, tiered, compressed oops, compressed class ptrs, parallel gc, windows-amd64)
GC Precious Log:
 CardTable entry size: 512
 CPUs: 4 total, 4 available
 Memory: 7885M
 Large Page Support: Disabled
 NUMA Support: Disabled
 Compressed Oops: Enabled (32-bit)
 Alignments: Space 512K, Generation 512K, Heap 2M
 Heap Min Capacity: 100M
 Heap Initial Capacity: 100M
 Heap Max Capacity: 2G
 Pre-touch: Disabled
 Parallel Workers: 4
Heap:
 PSYoungGen      total 12800K, used 9393K [0x00000000d5580000, 0x00000000d6600000, 0x0000000100000000)
  eden space 9216K, 95% used [0x00000000d5580000,0x00000000d5e23088,0x00000000d5e80000)
  from space 3584K, 15% used [0x00000000d6000000,0x00000000d6089420,0x00000000d6380000)
  to   space 1536K, 0% used [0x00000000d6480000,0x00000000d6480000,0x00000000d6600000)
 ParOldGen       total 104448K, used 104419K [0x0000000080000000, 0x0000000086600000, 0x00000000d5580000)
  object space 104448K, 99% used [0x0000000080000000,0x00000000865f8d70,0x0000000086600000)
 Metaspace       used 69186K, committed 70848K, reserved 1114112K
  class space    used 7212K, committed 7936K, reserved 1048576K
GC Heap History (20 events):
Event: 71.835 GC heap before
{Heap before GC invocations=133 (full 3):
 PSYoungGen      total 11776K, used 11514K [0x00000000d5580000, 0x00000000d6580000, 0x0000000100000000)
  eden space 9216K, 100% used [0x00000000d5580000,0x00000000d5e80000,0x00000000d5e80000)
  from space 2560K, 89% used [0x00000000d5e80000,0x00000000d60be870,0x00000000d6100000)
  to   space 3584K, 0% used [0x00000000d6200000,0x00000000d6200000,0x00000000d6580000)
 ParOldGen       total 96768K, used 91392K [0x0000000080000000, 0x0000000085e80000, 0x00000000d5580000)
  object space 96768K, 94% used [0x0000000080000000,0x0000000085940038,0x0000000085e80000)
 Metaspace       used 65664K, committed 67200K, reserved 1114112K
  class space    used 6950K, committed 7616K, reserved 1048576K
}
Event: 71.837 GC heap after
{Heap after GC invocations=133 (full 3):
 PSYoungGen      total 10240K, used 800K [0x00000000d5580000, 0x00000000d6300000, 0x0000000100000000)
  eden space 9216K, 0% used [0x00000000d5580000,0x00000000d5580000,0x00000000d5e80000)
  from space 1024K, 78% used [0x00000000d6200000,0x00000000d62c8020,0x00000000d6300000)
  to   space 1536K, 0% used [0x00000000d6000000,0x00000000d6000000,0x00000000d6180000)
 ParOldGen       total 96768K, used 93573K [0x0000000080000000, 0x0000000085e80000, 0x00000000d5580000)
  object space 96768K, 96% used [0x0000000080000000,0x0000000085b616b8,0x0000000085e80000)
 Metaspace       used 65664K, committed 67200K, reserved 1114112K
  class space    used 6950K, committed 7616K, reserved 1048576K
}
Event: 72.021 GC heap before
{Heap before GC invocations=134 (full 3):
 PSYoungGen      total 10240K, used 10016K [0x00000000d5580000, 0x00000000d6300000, 0x0000000100000000)
  eden space 9216K, 100% used [0x00000000d5580000,0x00000000d5e80000,0x00000000d5e80000)
  from space 1024K, 78% used [0x00000000d6200000,0x00000000d62c8020,0x00000000d6300000)
  to   space 1536K, 0% used [0x00000000d6000000,0x00000000d6000000,0x00000000d6180000)
 ParOldGen       total 96768K, used 93573K [0x0000000080000000, 0x0000000085e80000, 0x00000000d5580000)
  object space 96768K, 96% used [0x0000000080000000,0x0000000085b616b8,0x0000000085e80000)
 Metaspace       used 65958K, committed 67520K, reserved 1114112K
  class space    used 6971K, committed 7616K, reserved 1048576K
}
Event: 72.024 GC heap after
{Heap after GC invocations=134 (full 3):
 PSYoungGen      total 10752K, used 1088K [0x00000000d5580000, 0x00000000d6280000, 0x0000000100000000)
  eden space 9216K, 0% used [0x00000000d5580000,0x00000000d5580000,0x00000000d5e80000)
  from space 1536K, 70% used [0x00000000d6000000,0x00000000d6110000,0x00000000d6180000)
  to   space 1024K, 0% used [0x00000000d6180000,0x00000000d6180000,0x00000000d6280000)
 ParOldGen       total 96768K, used 94313K [0x0000000080000000, 0x0000000085e80000, 0x00000000d5580000)
  object space 96768K, 97% used [0x0000000080000000,0x0000000085c1a788,0x0000000085e80000)
 Metaspace       used 65958K, committed 67520K, reserved 1114112K
  class space    used 6971K, committed 7616K, reserved 1048576K
}
Event: 72.145 GC heap before
{Heap before GC invocations=135 (full 3):
 PSYoungGen      total 10752K, used 10304K [0x00000000d5580000, 0x00000000d6280000, 0x0000000100000000)
  eden space 9216K, 100% used [0x00000000d5580000,0x00000000d5e80000,0x00000000d5e80000)
  from space 1536K, 70% used [0x00000000d6000000,0x00000000d6110000,0x00000000d6180000)
  to   space 1024K, 0% used [0x00000000d6180000,0x00000000d6180000,0x00000000d6280000)
 ParOldGen       total 96768K, used 94313K [0x0000000080000000, 0x0000000085e80000, 0x00000000d5580000)
  object space 96768K, 97% used [0x0000000080000000,0x0000000085c1a788,0x0000000085e80000)
 Metaspace       used 66159K, committed 67712K, reserved 1114112K
  class space    used 6972K, committed 7616K, reserved 1048576K
}
Event: 72.147 GC heap after
{Heap after GC invocations=135 (full 3):
 PSYoungGen      total 9728K, used 352K [0x00000000d5580000, 0x00000000d6200000, 0x0000000100000000)
  eden space 9216K, 0% used [0x00000000d5580000,0x00000000d5580000,0x00000000d5e80000)
  from space 512K, 68% used [0x00000000d6180000,0x00000000d61d8000,0x00000000d6200000)
  to   space 1024K, 0% used [0x00000000d6000000,0x00000000d6000000,0x00000000d6100000)
 ParOldGen       total 96768K, used 95299K [0x0000000080000000, 0x0000000085e80000, 0x00000000d5580000)
  object space 96768K, 98% used [0x0000000080000000,0x0000000085d10c68,0x0000000085e80000)
 Metaspace       used 66159K, committed 67712K, reserved 1114112K
  class space    used 6972K, committed 7616K, reserved 1048576K
}
Event: 72.276 GC heap before
{Heap before GC invocations=136 (full 3):
 PSYoungGen      total 9728K, used 9568K [0x00000000d5580000, 0x00000000d6200000, 0x0000000100000000)
  eden space 9216K, 100% used [0x00000000d5580000,0x00000000d5e80000,0x00000000d5e80000)
  from space 512K, 68% used [0x00000000d6180000,0x00000000d61d8000,0x00000000d6200000)
  to   space 1024K, 0% used [0x00000000d6000000,0x00000000d6000000,0x00000000d6100000)
 ParOldGen       total 96768K, used 95299K [0x0000000080000000, 0x0000000085e80000, 0x00000000d5580000)
  object space 96768K, 98% used [0x0000000080000000,0x0000000085d10c68,0x0000000085e80000)
 Metaspace       used 66616K, committed 68224K, reserved 1114112K
  class space    used 7031K, committed 7680K, reserved 1048576K
}
Event: 72.278 GC heap after
{Heap after GC invocations=136 (full 3):
 PSYoungGen      total 10240K, used 688K [0x00000000d5580000, 0x00000000d6200000, 0x0000000100000000)
  eden space 9216K, 0% used [0x00000000d5580000,0x00000000d5580000,0x00000000d5e80000)
  from space 1024K, 67% used [0x00000000d6000000,0x00000000d60ac160,0x00000000d6100000)
  to   space 1024K, 0% used [0x00000000d6100000,0x00000000d6100000,0x00000000d6200000)
 ParOldGen       total 96768K, used 95609K [0x0000000080000000, 0x0000000085e80000, 0x00000000d5580000)
  object space 96768K, 98% used [0x0000000080000000,0x0000000085d5e640,0x0000000085e80000)
 Metaspace       used 66616K, committed 68224K, reserved 1114112K
  class space    used 7031K, committed 7680K, reserved 1048576K
}
Event: 72.441 GC heap before
{Heap before GC invocations=137 (full 3):
 PSYoungGen      total 10240K, used 9904K [0x00000000d5580000, 0x00000000d6200000, 0x0000000100000000)
  eden space 9216K, 100% used [0x00000000d5580000,0x00000000d5e80000,0x00000000d5e80000)
  from space 1024K, 67% used [0x00000000d6000000,0x00000000d60ac160,0x00000000d6100000)
  to   space 1024K, 0% used [0x00000000d6100000,0x00000000d6100000,0x00000000d6200000)
 ParOldGen       total 96768K, used 95609K [0x0000000080000000, 0x0000000085e80000, 0x00000000d5580000)
  object space 96768K, 98% used [0x0000000080000000,0x0000000085d5e640,0x0000000085e80000)
 Metaspace       used 67055K, committed 68672K, reserved 1114112K
  class space    used 7089K, committed 7744K, reserved 1048576K
}
Event: 72.444 GC heap after
{Heap after GC invocations=137 (full 3):
 PSYoungGen      total 10240K, used 1020K [0x00000000d5580000, 0x00000000d6280000, 0x0000000100000000)
  eden space 9216K, 0% used [0x00000000d5580000,0x00000000d5580000,0x00000000d5e80000)
  from space 1024K, 99% used [0x00000000d6100000,0x00000000d61ff220,0x00000000d6200000)
  to   space 2048K, 0% used [0x00000000d5e80000,0x00000000d5e80000,0x00000000d6080000)
 ParOldGen       total 96768K, used 96407K [0x0000000080000000, 0x0000000085e80000, 0x00000000d5580000)
  object space 96768K, 99% used [0x0000000080000000,0x0000000085e25d90,0x0000000085e80000)
 Metaspace       used 67055K, committed 68672K, reserved 1114112K
  class space    used 7089K, committed 7744K, reserved 1048576K
}
Event: 72.805 GC heap before
{Heap before GC invocations=138 (full 3):
 PSYoungGen      total 10240K, used 10236K [0x00000000d5580000, 0x00000000d6280000, 0x0000000100000000)
  eden space 9216K, 100% used [0x00000000d5580000,0x00000000d5e80000,0x00000000d5e80000)
  from space 1024K, 99% used [0x00000000d6100000,0x00000000d61ff220,0x00000000d6200000)
  to   space 2048K, 0% used [0x00000000d5e80000,0x00000000d5e80000,0x00000000d6080000)
 ParOldGen       total 96768K, used 96407K [0x0000000080000000, 0x0000000085e80000, 0x00000000d5580000)
  object space 96768K, 99% used [0x0000000080000000,0x0000000085e25d90,0x0000000085e80000)
 Metaspace       used 67786K, committed 69440K, reserved 1114112K
  class space    used 7109K, committed 7808K, reserved 1048576K
}
Event: 72.808 GC heap after
{Heap after GC invocations=138 (full 3):
 PSYoungGen      total 11264K, used 1486K [0x00000000d5580000, 0x00000000d6280000, 0x0000000100000000)
  eden space 9216K, 0% used [0x00000000d5580000,0x00000000d5580000,0x00000000d5e80000)
  from space 2048K, 72% used [0x00000000d5e80000,0x00000000d5ff3990,0x00000000d6080000)
  to   space 2048K, 0% used [0x00000000d6080000,0x00000000d6080000,0x00000000d6280000)
 ParOldGen       total 97792K, used 97381K [0x0000000080000000, 0x0000000085f80000, 0x00000000d5580000)
  object space 97792K, 99% used [0x0000000080000000,0x0000000085f19420,0x0000000085f80000)
 Metaspace       used 67786K, committed 69440K, reserved 1114112K
  class space    used 7109K, committed 7808K, reserved 1048576K
}
Event: 73.366 GC heap before
{Heap before GC invocations=139 (full 3):
 PSYoungGen      total 11264K, used 10702K [0x00000000d5580000, 0x00000000d6280000, 0x0000000100000000)
  eden space 9216K, 100% used [0x00000000d5580000,0x00000000d5e80000,0x00000000d5e80000)
  from space 2048K, 72% used [0x00000000d5e80000,0x00000000d5ff3990,0x00000000d6080000)
  to   space 2048K, 0% used [0x00000000d6080000,0x00000000d6080000,0x00000000d6280000)
 ParOldGen       total 97792K, used 97381K [0x0000000080000000, 0x0000000085f80000, 0x00000000d5580000)
  object space 97792K, 99% used [0x0000000080000000,0x0000000085f19420,0x0000000085f80000)
 Metaspace       used 68112K, committed 69696K, reserved 1114112K
  class space    used 7114K, committed 7808K, reserved 1048576K
}
Event: 73.371 GC heap after
{Heap after GC invocations=139 (full 3):
 PSYoungGen      total 10752K, used 1395K [0x00000000d5580000, 0x00000000d6200000, 0x0000000100000000)
  eden space 9216K, 0% used [0x00000000d5580000,0x00000000d5580000,0x00000000d5e80000)
  from space 1536K, 90% used [0x00000000d6080000,0x00000000d61dcff8,0x00000000d6200000)
  to   space 1536K, 0% used [0x00000000d5f00000,0x00000000d5f00000,0x00000000d6080000)
 ParOldGen       total 98816K, used 98814K [0x0000000080000000, 0x0000000086080000, 0x00000000d5580000)
  object space 98816K, 99% used [0x0000000080000000,0x000000008607fbc0,0x0000000086080000)
 Metaspace       used 68112K, committed 69696K, reserved 1114112K
  class space    used 7114K, committed 7808K, reserved 1048576K
}
Event: 73.669 GC heap before
{Heap before GC invocations=140 (full 3):
 PSYoungGen      total 10752K, used 10594K [0x00000000d5580000, 0x00000000d6200000, 0x0000000100000000)
  eden space 9216K, 99% used [0x00000000d5580000,0x00000000d5e7ba10,0x00000000d5e80000)
  from space 1536K, 90% used [0x00000000d6080000,0x00000000d61dcff8,0x00000000d6200000)
  to   space 1536K, 0% used [0x00000000d5f00000,0x00000000d5f00000,0x00000000d6080000)
 ParOldGen       total 98816K, used 98814K [0x0000000080000000, 0x0000000086080000, 0x00000000d5580000)
  object space 98816K, 99% used [0x0000000080000000,0x000000008607fbc0,0x0000000086080000)
 Metaspace       used 68295K, committed 69888K, reserved 1114112K
  class space    used 7122K, committed 7808K, reserved 1048576K
}
Event: 73.672 GC heap after
{Heap after GC invocations=140 (full 3):
 PSYoungGen      total 10752K, used 1504K [0x00000000d5580000, 0x00000000d6c80000, 0x0000000100000000)
  eden space 9216K, 0% used [0x00000000d5580000,0x00000000d5580000,0x00000000d5e80000)
  from space 1536K, 97% used [0x00000000d5f00000,0x00000000d6078060,0x00000000d6080000)
  to   space 7168K, 0% used [0x00000000d6580000,0x00000000d6580000,0x00000000d6c80000)
 ParOldGen       total 103936K, used 103547K [0x0000000080000000, 0x0000000086580000, 0x00000000d5580000)
  object space 103936K, 99% used [0x0000000080000000,0x000000008651ed50,0x0000000086580000)
 Metaspace       used 68295K, committed 69888K, reserved 1114112K
  class space    used 7122K, committed 7808K, reserved 1048576K
}
Event: 73.822 GC heap before
{Heap before GC invocations=141 (full 3):
 PSYoungGen      total 10752K, used 10720K [0x00000000d5580000, 0x00000000d6c80000, 0x0000000100000000)
  eden space 9216K, 99% used [0x00000000d5580000,0x00000000d5e7fff0,0x00000000d5e80000)
  from space 1536K, 97% used [0x00000000d5f00000,0x00000000d6078060,0x00000000d6080000)
  to   space 7168K, 0% used [0x00000000d6580000,0x00000000d6580000,0x00000000d6c80000)
 ParOldGen       total 103936K, used 103547K [0x0000000080000000, 0x0000000086580000, 0x00000000d5580000)
  object space 103936K, 99% used [0x0000000080000000,0x000000008651ed50,0x0000000086580000)
 Metaspace       used 68329K, committed 69888K, reserved 1114112K
  class space    used 7127K, committed 7808K, reserved 1048576K
}
Event: 73.827 GC heap after
{Heap after GC invocations=141 (full 3):
 PSYoungGen      total 10752K, used 1344K [0x00000000d5580000, 0x00000000d6700000, 0x0000000100000000)
  eden space 9216K, 0% used [0x00000000d5580000,0x00000000d5580000,0x00000000d5e80000)
  from space 1536K, 87% used [0x00000000d6580000,0x00000000d66d0040,0x00000000d6700000)
  to   space 3584K, 0% used [0x00000000d6000000,0x00000000d6000000,0x00000000d6380000)
 ParOldGen       total 103936K, used 103611K [0x0000000080000000, 0x0000000086580000, 0x00000000d5580000)
  object space 103936K, 99% used [0x0000000080000000,0x000000008652ed50,0x0000000086580000)
 Metaspace       used 68329K, committed 69888K, reserved 1114112K
  class space    used 7127K, committed 7808K, reserved 1048576K
}
Event: 73.955 GC heap before
{Heap before GC invocations=142 (full 3):
 PSYoungGen      total 10752K, used 10560K [0x00000000d5580000, 0x00000000d6700000, 0x0000000100000000)
  eden space 9216K, 100% used [0x00000000d5580000,0x00000000d5e80000,0x00000000d5e80000)
  from space 1536K, 87% used [0x00000000d6580000,0x00000000d66d0040,0x00000000d6700000)
  to   space 3584K, 0% used [0x00000000d6000000,0x00000000d6000000,0x00000000d6380000)
 ParOldGen       total 103936K, used 103611K [0x0000000080000000, 0x0000000086580000, 0x00000000d5580000)
  object space 103936K, 99% used [0x0000000080000000,0x000000008652ed50,0x0000000086580000)
 Metaspace       used 68692K, committed 70336K, reserved 1114112K
  class space    used 7162K, committed 7872K, reserved 1048576K
}
Event: 73.957 GC heap after
{Heap after GC invocations=142 (full 3):
 PSYoungGen      total 12800K, used 549K [0x00000000d5580000, 0x00000000d6600000, 0x0000000100000000)
  eden space 9216K, 0% used [0x00000000d5580000,0x00000000d5580000,0x00000000d5e80000)
  from space 3584K, 15% used [0x00000000d6000000,0x00000000d6089420,0x00000000d6380000)
  to   space 1536K, 0% used [0x00000000d6480000,0x00000000d6480000,0x00000000d6600000)
 ParOldGen       total 104448K, used 104419K [0x0000000080000000, 0x0000000086600000, 0x00000000d5580000)
  object space 104448K, 99% used [0x0000000080000000,0x00000000865f8d70,0x0000000086600000)
 Metaspace       used 68692K, committed 70336K, reserved 1114112K
  class space    used 7162K, committed 7872K, reserved 1048576K
}

