# JRE version: OpenJDK Runtime Environment Temurin-21.0.8+9 (21.0.8+9) (build 21.0.8+9-LTS)
# Java VM: OpenJDK 64-Bit Server VM Temurin-21.0.8+9 (21.0.8+9-LTS, mixed mode, sharing, tiered, compressed oops, compressed class ptrs, parallel gc, windows-amd64)
GC Precious Log:
 CardTable entry size: 512
 CPUs: 4 total, 4 available
 Memory: 7885M
 Large Page Support: Disabled
 NUMA Support: Disabled
 Compressed Oops: Enabled (32-bit)
 Alignments: Space 512K, Generation 512K, Heap 2M
 Heap Min Capacity: 100M
 Heap Initial Capacity: 100M
 Heap Max Capacity: 2G
 Pre-touch: Disabled
 Parallel Workers: 4
Heap:
 PSYoungGen      total 8192K, used 2038K [0x00000000d5580000, 0x00000000d6180000, 0x0000000100000000)
  eden space 7168K, 26% used [0x00000000d5580000,0x00000000d575d958,0x00000000d5c80000)
  from space 1024K, 12% used [0x00000000d5e00000,0x00000000d5e20000,0x00000000d5f00000)
  to   space 512K, 0% used [0x00000000d6100000,0x00000000d6100000,0x00000000d6180000)
 ParOldGen       total 550912K, used 550731K [0x0000000080000000, 0x00000000a1a00000, 0x00000000d5580000)
  object space 550912K, 99% used [0x0000000080000000,0x00000000a19d2ca0,0x00000000a1a00000)
 Metaspace       used 84816K, committed 86720K, reserved 1179648K
  class space    used 8797K, committed 9600K, reserved 1048576K
GC Heap History (20 events):
Event: 4089.135 GC heap before
{Heap before GC invocations=570 (full 4):
 PSYoungGen      total 5120K, used 5120K [0x00000000d5580000, 0x00000000d5e80000, 0x0000000100000000)
  eden space 2560K, 100% used [0x00000000d5580000,0x00000000d5800000,0x00000000d5800000)
  from space 2560K, 100% used [0x00000000d5800000,0x00000000d5a80000,0x00000000d5a80000)
  to   space 3072K, 0% used [0x00000000d5b80000,0x00000000d5b80000,0x00000000d5e80000)
 ParOldGen       total 524288K, used 524025K [0x0000000080000000, 0x00000000a0000000, 0x00000000d5580000)
  object space 524288K, 99% used [0x0000000080000000,0x000000009ffbe418,0x00000000a0000000)
 Metaspace       used 84765K, committed 86720K, reserved 1179648K
  class space    used 8796K, committed 9600K, reserved 1048576K
}
Event: 4089.139 GC heap after
{Heap after GC invocations=570 (full 4):
 PSYoungGen      total 6144K, used 2592K [0x00000000d5580000, 0x00000000d5e80000, 0x0000000100000000)
  eden space 3072K, 0% used [0x00000000d5580000,0x00000000d5580000,0x00000000d5880000)
  from space 3072K, 84% used [0x00000000d5b80000,0x00000000d5e08000,0x00000000d5e80000)
  to   space 3072K, 0% used [0x00000000d5880000,0x00000000d5880000,0x00000000d5b80000)
 ParOldGen       total 526848K, used 526593K [0x0000000080000000, 0x00000000a0280000, 0x00000000d5580000)
  object space 526848K, 99% used [0x0000000080000000,0x00000000a0240418,0x00000000a0280000)
 Metaspace       used 84765K, committed 86720K, reserved 1179648K
  class space    used 8796K, committed 9600K, reserved 1048576K
}
Event: 4089.148 GC heap before
{Heap before GC invocations=571 (full 4):
 PSYoungGen      total 6144K, used 5664K [0x00000000d5580000, 0x00000000d5e80000, 0x0000000100000000)
  eden space 3072K, 100% used [0x00000000d5580000,0x00000000d5880000,0x00000000d5880000)
  from space 3072K, 84% used [0x00000000d5b80000,0x00000000d5e08000,0x00000000d5e80000)
  to   space 3072K, 0% used [0x00000000d5880000,0x00000000d5880000,0x00000000d5b80000)
 ParOldGen       total 526848K, used 526593K [0x0000000080000000, 0x00000000a0280000, 0x00000000d5580000)
  object space 526848K, 99% used [0x0000000080000000,0x00000000a0240418,0x00000000a0280000)
 Metaspace       used 84765K, committed 86720K, reserved 1179648K
  class space    used 8796K, committed 9600K, reserved 1048576K
}
Event: 4089.152 GC heap after
{Heap after GC invocations=571 (full 4):
 PSYoungGen      total 6144K, used 3072K [0x00000000d5580000, 0x00000000d6680000, 0x0000000100000000)
  eden space 3072K, 0% used [0x00000000d5580000,0x00000000d5580000,0x00000000d5880000)
  from space 3072K, 100% used [0x00000000d5880000,0x00000000d5b80000,0x00000000d5b80000)
  to   space 6656K, 0% used [0x00000000d6000000,0x00000000d6000000,0x00000000d6680000)
 ParOldGen       total 529408K, used 529161K [0x0000000080000000, 0x00000000a0500000, 0x00000000d5580000)
  object space 529408K, 99% used [0x0000000080000000,0x00000000a04c2418,0x00000000a0500000)
 Metaspace       used 84765K, committed 86720K, reserved 1179648K
  class space    used 8796K, committed 9600K, reserved 1048576K
}
Event: 4089.175 GC heap before
{Heap before GC invocations=572 (full 4):
 PSYoungGen      total 6144K, used 6144K [0x00000000d5580000, 0x00000000d6680000, 0x0000000100000000)
  eden space 3072K, 100% used [0x00000000d5580000,0x00000000d5880000,0x00000000d5880000)
  from space 3072K, 100% used [0x00000000d5880000,0x00000000d5b80000,0x00000000d5b80000)
  to   space 6656K, 0% used [0x00000000d6000000,0x00000000d6000000,0x00000000d6680000)
 ParOldGen       total 529408K, used 529161K [0x0000000080000000, 0x00000000a0500000, 0x00000000d5580000)
  object space 529408K, 99% used [0x0000000080000000,0x00000000a04c2418,0x00000000a0500000)
 Metaspace       used 84765K, committed 86720K, reserved 1179648K
  class space    used 8796K, committed 9600K, reserved 1048576K
}
Event: 4089.180 GC heap after
{Heap after GC invocations=572 (full 4):
 PSYoungGen      total 6656K, used 2388K [0x00000000d5580000, 0x00000000d6280000, 0x0000000100000000)
  eden space 4096K, 0% used [0x00000000d5580000,0x00000000d5580000,0x00000000d5980000)
  from space 2560K, 93% used [0x00000000d6000000,0x00000000d6255000,0x00000000d6280000)
  to   space 3584K, 0% used [0x00000000d5b80000,0x00000000d5b80000,0x00000000d5f00000)
 ParOldGen       total 532480K, used 532233K [0x0000000080000000, 0x00000000a0800000, 0x00000000d5580000)
  object space 532480K, 99% used [0x0000000080000000,0x00000000a07c2418,0x00000000a0800000)
 Metaspace       used 84765K, committed 86720K, reserved 1179648K
  class space    used 8796K, committed 9600K, reserved 1048576K
}
Event: 4089.269 GC heap before
{Heap before GC invocations=573 (full 4):
 PSYoungGen      total 6656K, used 6139K [0x00000000d5580000, 0x00000000d6280000, 0x0000000100000000)
  eden space 4096K, 91% used [0x00000000d5580000,0x00000000d5929c30,0x00000000d5980000)
  from space 2560K, 93% used [0x00000000d6000000,0x00000000d6255000,0x00000000d6280000)
  to   space 3584K, 0% used [0x00000000d5b80000,0x00000000d5b80000,0x00000000d5f00000)
 ParOldGen       total 532480K, used 532233K [0x0000000080000000, 0x00000000a0800000, 0x00000000d5580000)
  object space 532480K, 99% used [0x0000000080000000,0x00000000a07c2418,0x00000000a0800000)
 Metaspace       used 84765K, committed 86720K, reserved 1179648K
  class space    used 8796K, committed 9600K, reserved 1048576K
}
Event: 4089.274 GC heap after
{Heap after GC invocations=573 (full 4):
 PSYoungGen      total 8704K, used 3566K [0x00000000d5580000, 0x00000000d6680000, 0x0000000100000000)
  eden space 5120K, 0% used [0x00000000d5580000,0x00000000d5580000,0x00000000d5a80000)
  from space 3584K, 99% used [0x00000000d5b80000,0x00000000d5efb800,0x00000000d5f00000)
  to   space 6144K, 0% used [0x00000000d6080000,0x00000000d6080000,0x00000000d6680000)
 ParOldGen       total 534016K, used 533945K [0x0000000080000000, 0x00000000a0980000, 0x00000000d5580000)
  object space 534016K, 99% used [0x0000000080000000,0x00000000a096e418,0x00000000a0980000)
 Metaspace       used 84765K, committed 86720K, reserved 1179648K
  class space    used 8796K, committed 9600K, reserved 1048576K
}
Event: 4089.284 GC heap before
{Heap before GC invocations=574 (full 4):
 PSYoungGen      total 8704K, used 8686K [0x00000000d5580000, 0x00000000d6680000, 0x0000000100000000)
  eden space 5120K, 100% used [0x00000000d5580000,0x00000000d5a80000,0x00000000d5a80000)
  from space 3584K, 99% used [0x00000000d5b80000,0x00000000d5efb800,0x00000000d5f00000)
  to   space 6144K, 0% used [0x00000000d6080000,0x00000000d6080000,0x00000000d6680000)
 ParOldGen       total 534016K, used 533945K [0x0000000080000000, 0x00000000a0980000, 0x00000000d5580000)
  object space 534016K, 99% used [0x0000000080000000,0x00000000a096e418,0x00000000a0980000)
 Metaspace       used 84765K, committed 86720K, reserved 1179648K
  class space    used 8796K, committed 9600K, reserved 1048576K
}
Event: 4089.290 GC heap after
{Heap after GC invocations=574 (full 4):
 PSYoungGen      total 11776K, used 5158K [0x00000000d5580000, 0x00000000d6680000, 0x0000000100000000)
  eden space 5632K, 0% used [0x00000000d5580000,0x00000000d5580000,0x00000000d5b00000)
  from space 6144K, 83% used [0x00000000d6080000,0x00000000d6589800,0x00000000d6680000)
  to   space 5632K, 0% used [0x00000000d5b00000,0x00000000d5b00000,0x00000000d6080000)
 ParOldGen       total 537600K, used 537519K [0x0000000080000000, 0x00000000a0d00000, 0x00000000d5580000)
  object space 537600K, 99% used [0x0000000080000000,0x00000000a0cebc18,0x00000000a0d00000)
 Metaspace       used 84765K, committed 86720K, reserved 1179648K
  class space    used 8796K, committed 9600K, reserved 1048576K
}
Event: 4089.309 GC heap before
{Heap before GC invocations=575 (full 4):
 PSYoungGen      total 11776K, used 10626K [0x00000000d5580000, 0x00000000d6680000, 0x0000000100000000)
  eden space 5632K, 97% used [0x00000000d5580000,0x00000000d5ad7368,0x00000000d5b00000)
  from space 6144K, 83% used [0x00000000d6080000,0x00000000d6589800,0x00000000d6680000)
  to   space 5632K, 0% used [0x00000000d5b00000,0x00000000d5b00000,0x00000000d6080000)
 ParOldGen       total 537600K, used 537519K [0x0000000080000000, 0x00000000a0d00000, 0x00000000d5580000)
  object space 537600K, 99% used [0x0000000080000000,0x00000000a0cebc18,0x00000000a0d00000)
 Metaspace       used 84765K, committed 86720K, reserved 1179648K
  class space    used 8796K, committed 9600K, reserved 1048576K
}
Event: 4089.319 GC heap after
{Heap after GC invocations=575 (full 4):
 PSYoungGen      total 11264K, used 5216K [0x00000000d5580000, 0x00000000d6780000, 0x0000000100000000)
  eden space 5632K, 0% used [0x00000000d5580000,0x00000000d5580000,0x00000000d5b00000)
  from space 5632K, 92% used [0x00000000d5b00000,0x00000000d6018000,0x00000000d6080000)
  to   space 5632K, 0% used [0x00000000d6200000,0x00000000d6200000,0x00000000d6780000)
 ParOldGen       total 542720K, used 542661K [0x0000000080000000, 0x00000000a1200000, 0x00000000d5580000)
  object space 542720K, 99% used [0x0000000080000000,0x00000000a11f1418,0x00000000a1200000)
 Metaspace       used 84765K, committed 86720K, reserved 1179648K
  class space    used 8796K, committed 9600K, reserved 1048576K
}
Event: 4089.755 GC heap before
{Heap before GC invocations=576 (full 4):
 PSYoungGen      total 11264K, used 10848K [0x00000000d5580000, 0x00000000d6780000, 0x0000000100000000)
  eden space 5632K, 100% used [0x00000000d5580000,0x00000000d5b00000,0x00000000d5b00000)
  from space 5632K, 92% used [0x00000000d5b00000,0x00000000d6018000,0x00000000d6080000)
  to   space 5632K, 0% used [0x00000000d6200000,0x00000000d6200000,0x00000000d6780000)
 ParOldGen       total 542720K, used 542661K [0x0000000080000000, 0x00000000a1200000, 0x00000000d5580000)
  object space 542720K, 99% used [0x0000000080000000,0x00000000a11f1418,0x00000000a1200000)
 Metaspace       used 84769K, committed 86720K, reserved 1179648K
  class space    used 8796K, committed 9600K, reserved 1048576K
}
Event: 4089.763 GC heap after
{Heap after GC invocations=576 (full 4):
 PSYoungGen      total 10240K, used 2614K [0x00000000d5580000, 0x00000000d6500000, 0x0000000100000000)
  eden space 7168K, 0% used [0x00000000d5580000,0x00000000d5580000,0x00000000d5c80000)
  from space 3072K, 85% used [0x00000000d6200000,0x00000000d648d848,0x00000000d6500000)
  to   space 3584K, 0% used [0x00000000d5e00000,0x00000000d5e00000,0x00000000d6180000)
 ParOldGen       total 547840K, used 547637K [0x0000000080000000, 0x00000000a1700000, 0x00000000d5580000)
  object space 547840K, 99% used [0x0000000080000000,0x00000000a16cd418,0x00000000a1700000)
 Metaspace       used 84769K, committed 86720K, reserved 1179648K
  class space    used 8796K, committed 9600K, reserved 1048576K
}
Event: 4089.809 GC heap before
{Heap before GC invocations=577 (full 4):
 PSYoungGen      total 10240K, used 9782K [0x00000000d5580000, 0x00000000d6500000, 0x0000000100000000)
  eden space 7168K, 100% used [0x00000000d5580000,0x00000000d5c80000,0x00000000d5c80000)
  from space 3072K, 85% used [0x00000000d6200000,0x00000000d648d848,0x00000000d6500000)
  to   space 3584K, 0% used [0x00000000d5e00000,0x00000000d5e00000,0x00000000d6180000)
 ParOldGen       total 547840K, used 547637K [0x0000000080000000, 0x00000000a1700000, 0x00000000d5580000)
  object space 547840K, 99% used [0x0000000080000000,0x00000000a16cd418,0x00000000a1700000)
 Metaspace       used 84770K, committed 86720K, reserved 1179648K
  class space    used 8797K, committed 9600K, reserved 1048576K
}
Event: 4089.814 GC heap after
{Heap after GC invocations=577 (full 4):
 PSYoungGen      total 8192K, used 576K [0x00000000d5580000, 0x00000000d6280000, 0x0000000100000000)
  eden space 7168K, 0% used [0x00000000d5580000,0x00000000d5580000,0x00000000d5c80000)
  from space 1024K, 56% used [0x00000000d5e00000,0x00000000d5e90000,0x00000000d5f00000)
  to   space 1536K, 0% used [0x00000000d6100000,0x00000000d6100000,0x00000000d6280000)
 ParOldGen       total 550400K, used 550221K [0x0000000080000000, 0x00000000a1980000, 0x00000000d5580000)
  object space 550400K, 99% used [0x0000000080000000,0x00000000a1953500,0x00000000a1980000)
 Metaspace       used 84770K, committed 86720K, reserved 1179648K
  class space    used 8797K, committed 9600K, reserved 1048576K
}
Event: 4089.832 GC heap before
{Heap before GC invocations=578 (full 4):
 PSYoungGen      total 8192K, used 7744K [0x00000000d5580000, 0x00000000d6280000, 0x0000000100000000)
  eden space 7168K, 100% used [0x00000000d5580000,0x00000000d5c80000,0x00000000d5c80000)
  from space 1024K, 56% used [0x00000000d5e00000,0x00000000d5e90000,0x00000000d5f00000)
  to   space 1536K, 0% used [0x00000000d6100000,0x00000000d6100000,0x00000000d6280000)
 ParOldGen       total 550400K, used 550221K [0x0000000080000000, 0x00000000a1980000, 0x00000000d5580000)
  object space 550400K, 99% used [0x0000000080000000,0x00000000a1953500,0x00000000a1980000)
 Metaspace       used 84770K, committed 86720K, reserved 1179648K
  class space    used 8797K, committed 9600K, reserved 1048576K
}
Event: 4089.836 GC heap after
{Heap after GC invocations=578 (full 4):
 PSYoungGen      total 8192K, used 660K [0x00000000d5580000, 0x00000000d6200000, 0x0000000100000000)
  eden space 7168K, 0% used [0x00000000d5580000,0x00000000d5580000,0x00000000d5c80000)
  from space 1024K, 64% used [0x00000000d6100000,0x00000000d61a5200,0x00000000d6200000)
  to   space 1024K, 0% used [0x00000000d5e00000,0x00000000d5e00000,0x00000000d5f00000)
 ParOldGen       total 550912K, used 550707K [0x0000000080000000, 0x00000000a1a00000, 0x00000000d5580000)
  object space 550912K, 99% used [0x0000000080000000,0x00000000a19ccca0,0x00000000a1a00000)
 Metaspace       used 84770K, committed 86720K, reserved 1179648K
  class space    used 8797K, committed 9600K, reserved 1048576K
}
Event: 9105.157 GC heap before
{Heap before GC invocations=579 (full 4):
 PSYoungGen      total 8192K, used 7828K [0x00000000d5580000, 0x00000000d6200000, 0x0000000100000000)
  eden space 7168K, 100% used [0x00000000d5580000,0x00000000d5c80000,0x00000000d5c80000)
  from space 1024K, 64% used [0x00000000d6100000,0x00000000d61a5200,0x00000000d6200000)
  to   space 1024K, 0% used [0x00000000d5e00000,0x00000000d5e00000,0x00000000d5f00000)
 ParOldGen       total 550912K, used 550707K [0x0000000080000000, 0x00000000a1a00000, 0x00000000d5580000)
  object space 550912K, 99% used [0x0000000080000000,0x00000000a19ccca0,0x00000000a1a00000)
 Metaspace       used 84789K, committed 86720K, reserved 1179648K
  class space    used 8797K, committed 9600K, reserved 1048576K
}
Event: 9105.420 GC heap after
{Heap after GC invocations=579 (full 4):
 PSYoungGen      total 8192K, used 128K [0x00000000d5580000, 0x00000000d6180000, 0x0000000100000000)
  eden space 7168K, 0% used [0x00000000d5580000,0x00000000d5580000,0x00000000d5c80000)
  from space 1024K, 12% used [0x00000000d5e00000,0x00000000d5e20000,0x00000000d5f00000)
  to   space 512K, 0% used [0x00000000d6100000,0x00000000d6100000,0x00000000d6180000)
 ParOldGen       total 550912K, used 550731K [0x0000000080000000, 0x00000000a1a00000, 0x00000000d5580000)
  object space 550912K, 99% used [0x0000000080000000,0x00000000a19d2ca0,0x00000000a1a00000)
 Metaspace       used 84789K, committed 86720K, reserved 1179648K
  class space    used 8797K, committed 9600K, reserved 1048576K
}

